INFO:sim:172 - Generating IP...
Applying current project options...
Finished applying current project options.
Resolving generics for 'mblaze'...
WARNING:sim - VHDL simulation file type 'Behavioral' is not valid for this core.
   Overriding with simulation file type 'Structural'.
WARNING:sim - A core named 'mblaze' already exists in the project. Output
   products for this core may be overwritten.
Applying external generics to 'mblaze'...
Delivering associated files for 'mblaze'...
Generating implementation netlist for 'mblaze'...
INFO:sim - Pre-processing HDL files for 'mblaze'...
Running synthesis for 'mblaze'
Running ngcbuild...
Delivered 3 files into directory /home/huang/FPGACo/fpga_mcs/tmp/_cg/mblaze
INFO:sim - Running microblaze_mcs_gen_script.tcl
INFO:sim - Please source the "microblaze_mcs_setup.tcl" script in the Tcl
   Console to complete MicroBlaze MCS core generation
Writing VHO instantiation template for 'mblaze'...
WARNING:sim - VHDL simulation file type 'Behavioral' is not valid for this core.
   Overriding with simulation file type 'Structural'.
Writing VHDL structural simulation model for 'mblaze'...
WARNING:sim - VHDL simulation file type 'Behavioral' is not valid for this core.
   Overriding with simulation file type 'Structural'.
INFO:sim - Running microblaze_mcs_sim_script.tcl
INFO:sim - C_MICROBLAZE_INSTANCE = mblaze
INFO:sim - Netlist filename = ./_cg/mblaze.vhd
INFO:sim - Setting INIT_FILE = "mblaze.lmb_bram_31.mem" for BRAM 31
INFO:sim - Setting INIT_FILE = "mblaze.lmb_bram_30.mem" for BRAM 30
INFO:sim - Setting INIT_FILE = "mblaze.lmb_bram_29.mem" for BRAM 29
INFO:sim - Setting INIT_FILE = "mblaze.lmb_bram_28.mem" for BRAM 28
INFO:sim - Setting INIT_FILE = "mblaze.lmb_bram_27.mem" for BRAM 27
INFO:sim - Setting INIT_FILE = "mblaze.lmb_bram_26.mem" for BRAM 26
INFO:sim - Setting INIT_FILE = "mblaze.lmb_bram_25.mem" for BRAM 25
INFO:sim - Setting INIT_FILE = "mblaze.lmb_bram_24.mem" for BRAM 24
INFO:sim - Setting INIT_FILE = "mblaze.lmb_bram_23.mem" for BRAM 23
INFO:sim - Setting INIT_FILE = "mblaze.lmb_bram_22.mem" for BRAM 22
INFO:sim - Setting INIT_FILE = "mblaze.lmb_bram_21.mem" for BRAM 21
INFO:sim - Setting INIT_FILE = "mblaze.lmb_bram_20.mem" for BRAM 20
INFO:sim - Setting INIT_FILE = "mblaze.lmb_bram_19.mem" for BRAM 19
INFO:sim - Setting INIT_FILE = "mblaze.lmb_bram_18.mem" for BRAM 18
INFO:sim - Setting INIT_FILE = "mblaze.lmb_bram_17.mem" for BRAM 17
INFO:sim - Setting INIT_FILE = "mblaze.lmb_bram_16.mem" for BRAM 16
INFO:sim - Setting INIT_FILE = "mblaze.lmb_bram_15.mem" for BRAM 15
INFO:sim - Setting INIT_FILE = "mblaze.lmb_bram_14.mem" for BRAM 14
INFO:sim - Setting INIT_FILE = "mblaze.lmb_bram_13.mem" for BRAM 13
INFO:sim - Setting INIT_FILE = "mblaze.lmb_bram_12.mem" for BRAM 12
INFO:sim - Setting INIT_FILE = "mblaze.lmb_bram_11.mem" for BRAM 11
INFO:sim - Setting INIT_FILE = "mblaze.lmb_bram_10.mem" for BRAM 10
INFO:sim - Setting INIT_FILE = "mblaze.lmb_bram_9.mem" for BRAM 9
INFO:sim - Setting INIT_FILE = "mblaze.lmb_bram_8.mem" for BRAM 8
INFO:sim - Setting INIT_FILE = "mblaze.lmb_bram_7.mem" for BRAM 7
INFO:sim - Setting INIT_FILE = "mblaze.lmb_bram_6.mem" for BRAM 6
INFO:sim - Setting INIT_FILE = "mblaze.lmb_bram_5.mem" for BRAM 5
INFO:sim - Setting INIT_FILE = "mblaze.lmb_bram_4.mem" for BRAM 4
INFO:sim - Setting INIT_FILE = "mblaze.lmb_bram_3.mem" for BRAM 3
INFO:sim - Setting INIT_FILE = "mblaze.lmb_bram_2.mem" for BRAM 2
INFO:sim - Setting INIT_FILE = "mblaze.lmb_bram_1.mem" for BRAM 1
INFO:sim - Setting INIT_FILE = "mblaze.lmb_bram_0.mem" for BRAM 0
Generating ASY schematic symbol...
INFO:sim:949 - Finished generation of ASY schematic symbol.
Generating SYM schematic symbol for 'mblaze'...
Generating ISE project file for 'mblaze'...
Generating README file...
Generating FLIST file...
INFO:sim:948 - Finished FLIST file generation.
Moving files to output directory...
Finished moving files to output directory
Wrote CGP file for project 'mblaze'.
