Command line:
   cxgen_tb_isim_beh.exe
     -simmode  gui
     -simrunnum  0
     -socket  54680

Thu Dec  4 11:41:04 2014


 Elaboration Time: 0.03 sec

 Current Memory Usage: 132.334 Meg

 Total Signals          : 291
 Total Nets             : 806
 Total Signal Drivers   : 118
 Total Blocks           : 69
 Total Primitive Blocks : 55
 Total Processes        : 66
 Total Traceable Variables  : 493
 Total Scalar Nets and Variables : 2534
Total Line Count : 186

 Total Simulation Time: 0.25 sec

 Current Memory Usage: 141.775 Meg

Thu Dec  4 11:41:21 2014

