
WARNING: The Trce option "-ucf" is either illegal or not supported by projNav and hence will not be added in the strategy file(mapgloboptioreg.xds) created by Smartxplorer.

Command Line : 
-------------
map /home/kugel/daten/work/verwalt/heidelberg/lectures/2014/copro/exercises/3/fpga_mcs/smartxplorer_results/run3/mcs_top.ngd -ol high -global_opt speed -pr b -w -p xc6slx45-csg324-2 -o mcs_top_map.ncd /home/kugel/daten/work/verwalt/heidelberg/lectures/2014/copro/exercises/3/fpga_mcs/smartxplorer_results/run3/mcs_top.pcf

Release 14.7 - Map P.20131013 (lin64)
Copyright (c) 1995-2013 Xilinx, Inc.  All rights reserved.
Using target part "6slx45csg324-2".
vvvvvvvvvvvvvvvvvvvvvvvvvvvvvvvvvvvvvvvvvvvvvvvvvvvvvvvvvvvvvvvvvvvvvv
INFO:Security:67 - XILINXD_LICENSE_FILE is set to '/home/kugel/.Xilinx' in
/home/kugel/.flexlmrc.
INFO:Security:54 - 'xc6slx45' is a WebPack part.
WARNING:Security:42 - Your software subscription period has lapsed. Your current
version of Xilinx tools will continue to function, but you no longer qualify for
Xilinx software updates or new releases.
----------------------------------------------------------------------
Running global optimization...
WARNING:Xst:387 - The KEEP property attached to the net
   <CXGEN_I/FSUB_I/sig000001fe> may hinder timing optimization.
   You may achieve better results by removing this property
WARNING:Xst:387 - The KEEP property attached to the net
   <CXGEN_I/FADD_I/sig000001fe> may hinder timing optimization.
   You may achieve better results by removing this property
WARNING:Xst:387 - The KEEP property attached to the net
   <CXGEN_I/FMUL_I/sig000001fe> may hinder timing optimization.
   You may achieve better results by removing this property
Mapping design into LUTs...
Writing file mcs_top_map.ngm...
Running directed packing...
Running delay-based LUT packing...
Updating timing models...
INFO:Map:215 - The Interim Design Summary has been generated in the MAP Report
   (.mrp).
Running timing-driven placement...
Total REAL time at the beginning of Placer: 6 mins 13 secs 
Total CPU  time at the beginning of Placer: 6 mins 11 secs 

Phase 1.1  Initial Placement Analysis
Phase 1.1  Initial Placement Analysis (Checksum:aa85e94e) REAL time: 6 mins 17 secs 

Phase 2.7  Design Feasibility Check
Phase 2.7  Design Feasibility Check (Checksum:aa85e94e) REAL time: 6 mins 19 secs 

Phase 3.31  Local Placement Optimization
Phase 3.31  Local Placement Optimization (Checksum:2c99d05e) REAL time: 6 mins 19 secs 

Phase 4.2  Initial Placement for Architecture Specific Features

Phase 4.2  Initial Placement for Architecture Specific Features
(Checksum:23247aa4) REAL time: 6 mins 56 secs 

Phase 5.36  Local Placement Optimization
Phase 5.36  Local Placement Optimization (Checksum:23247aa4) REAL time: 6 mins 56 secs 

Phase 6.30  Global Clock Region Assignment
Phase 6.30  Global Clock Region Assignment (Checksum:23247aa4) REAL time: 6 mins 56 secs 

Phase 7.3  Local Placement Optimization
Phase 7.3  Local Placement Optimization (Checksum:23247aa4) REAL time: 6 mins 56 secs 

Phase 8.5  Local Placement Optimization
Phase 8.5  Local Placement Optimization (Checksum:23247aa4) REAL time: 6 mins 56 secs 

Phase 9.8  Global Placement
.......................
..................................................................................................................
.............................................................................................................................................................................................................
..........................................................................................................................................................................................................
......................................................................................
Phase 9.8  Global Placement (Checksum:d46e0f4f) REAL time: 9 mins 44 secs 

Phase 10.5  Local Placement Optimization
Phase 10.5  Local Placement Optimization (Checksum:d46e0f4f) REAL time: 9 mins 44 secs 

Phase 11.18  Placement Optimization
Phase 11.18  Placement Optimization (Checksum:1702c0b3) REAL time: 10 mins 12 secs 

Phase 12.5  Local Placement Optimization
Phase 12.5  Local Placement Optimization (Checksum:1702c0b3) REAL time: 10 mins 13 secs 

Phase 13.34  Placement Validation
Phase 13.34  Placement Validation (Checksum:4c27af2c) REAL time: 10 mins 14 secs 

Total REAL time to Placer completion: 10 mins 16 secs 
Total CPU  time to Placer completion: 10 mins 14 secs 
Running post-placement packing...
Writing output files...

Design Summary:
Number of errors:      0
Number of warnings:    3
Slice Logic Utilization:
  Number of Slice Registers:                 7,958 out of  54,576   14%
    Number used as Flip Flops:               7,940
    Number used as Latches:                      0
    Number used as Latch-thrus:                  0
    Number used as AND/OR logics:               18
  Number of Slice LUTs:                     16,669 out of  27,288   61%
    Number used as logic:                   15,583 out of  27,288   57%
      Number using O6 output only:           9,230
      Number using O5 output only:             530
      Number using O5 and O6:                5,823
      Number used as ROM:                        0
    Number used as Memory:                     329 out of   6,408    5%
      Number used as Dual Port RAM:             64
        Number using O6 output only:             0
        Number using O5 output only:             0
        Number using O5 and O6:                 64
      Number used as Single Port RAM:            0
      Number used as Shift Register:           265
        Number using O6 output only:            48
        Number using O5 output only:             1
        Number using O5 and O6:                216
    Number used exclusively as route-thrus:    757
      Number with same-slice register load:    421
      Number with same-slice carry load:       336
      Number with other load:                    0

Slice Logic Distribution:
  Number of occupied Slices:                 5,267 out of   6,822   77%
  Number of MUXCYs used:                    10,024 out of  13,644   73%
  Number of LUT Flip Flop pairs used:       17,766
    Number with an unused Flip Flop:        11,228 out of  17,766   63%
    Number with an unused LUT:               1,097 out of  17,766    6%
    Number of fully used LUT-FF pairs:       5,441 out of  17,766   30%
    Number of unique control sets:             219
    Number of slice register sites lost
      to control set restrictions:             827 out of  54,576    1%

  A LUT Flip Flop pair for this architecture represents one LUT paired with
  one Flip Flop within a slice.  A control set is a unique combination of
  clock, reset, set, and enable signals for a registered element.
  The Slice Logic Distribution report is not meaningful if the design is
  over-mapped for a non-slice resource or if Placement fails.

IO Utilization:
  Number of bonded IOBs:                        80 out of     218   36%
    Number of LOCed IOBs:                       80 out of      80  100%
    IOB Flip Flops:                             24
    IOB Master Pads:                             4
    IOB Slave Pads:                              4

Specific Feature Utilization:
  Number of RAMB16BWERs:                        32 out of     116   27%
  Number of RAMB8BWERs:                          0 out of     232    0%
  Number of BUFIO2/BUFIO2_2CLKs:                 0 out of      32    0%
  Number of BUFIO2FB/BUFIO2FB_2CLKs:             0 out of      32    0%
  Number of BUFG/BUFGMUXs:                       7 out of      16   43%
    Number used as BUFGs:                        5
    Number used as BUFGMUX:                      2
  Number of DCM/DCM_CLKGENs:                     0 out of       8    0%
  Number of ILOGIC2/ISERDES2s:                  15 out of     376    3%
    Number used as ILOGIC2s:                    15
    Number used as ISERDES2s:                    0
  Number of IODELAY2/IODRP2/IODRP2_MCBs:        24 out of     376    6%
    Number used as IODELAY2s:                    0
    Number used as IODRP2s:                      2
    Number used as IODRP2_MCBs:                 22
  Number of OLOGIC2/OSERDES2s:                  62 out of     376   16%
    Number used as OLOGIC2s:                     9
    Number used as OSERDES2s:                   53
  Number of BSCANs:                              1 out of       4   25%
  Number of BUFHs:                               0 out of     256    0%
  Number of BUFPLLs:                             1 out of       8   12%
  Number of BUFPLL_MCBs:                         1 out of       4   25%
  Number of DSP48A1s:                           18 out of      58   31%
  Number of ICAPs:                               0 out of       1    0%
  Number of MCBs:                                1 out of       2   50%
  Number of PCILOGICSEs:                         0 out of       2    0%
  Number of PLL_ADVs:                            2 out of       4   50%
  Number of PMVs:                                0 out of       1    0%
  Number of STARTUPs:                            0 out of       1    0%
  Number of SUSPEND_SYNCs:                       0 out of       1    0%

Average Fanout of Non-Clock Nets:                3.16

Peak Memory Usage:  1401 MB
Total REAL time to MAP completion:  10 mins 24 secs 
Total CPU time to MAP completion:   10 mins 22 secs 

Mapping completed.
See MAP report file "mcs_top_map.mrp" for details.

Command Line : 
-------------
par /home/kugel/daten/work/verwalt/heidelberg/lectures/2014/copro/exercises/3/fpga_mcs/smartxplorer_results/run3/mcs_top.ngd -ol high -xe n -w mcs_top.ncd /home/kugel/daten/work/verwalt/heidelberg/lectures/2014/copro/exercises/3/fpga_mcs/smartxplorer_results/run3/mcs_top.pcf

Release 14.7 - par P.20131013 (lin64)
Copyright (c) 1995-2013 Xilinx, Inc.  All rights reserved.



Constraints file:
/home/kugel/daten/work/verwalt/heidelberg/lectures/2014/copro/exercises/3/fpga_mcs/smartxplorer_results/run3/mcs_top.pcf
.
Loading device for application Rf_Device from file '6slx45.nph' in environment /opt/xilinx/14.7/ISE_DS/ISE/.
   "mcs_top" is an NCD, version 3.2, device xc6slx45, package csg324, speed -2
vvvvvvvvvvvvvvvvvvvvvvvvvvvvvvvvvvvvvvvvvvvvvvvvvvvvvvvvvvvvvvvvvvvvvv
INFO:Security:67 - XILINXD_LICENSE_FILE is set to '/home/kugel/.Xilinx' in /home/kugel/.flexlmrc.
INFO:Security:54 - 'xc6slx45' is a WebPack part.
WARNING:Security:42 - Your software subscription period has lapsed. Your current version of Xilinx tools will continue
to function, but you no longer qualify for Xilinx software updates or new releases.

----------------------------------------------------------------------
WARNING:ConstraintSystem:67 - Constraint <PIN "Rst_n_pins<0>" TIG = TS_Clk;>
   [/home/kugel/daten/work/verwalt/heidelberg/lectures/2014/copro/exercises/3/fpga_mcs/smartxplorer_results/run3/mcs_top
   .pcf(15577)] modifies the effective value of constraint <TS_Clk = PERIOD TIMEGRP "Clk" 10 ns HIGH 50%;>
   [/home/kugel/daten/work/verwalt/heidelberg/lectures/2014/copro/exercises/3/fpga_mcs/smartxplorer_results/run3/mcs_top
   .pcf(15533)].

WARNING:ConstraintSystem:67 - Constraint <PIN "Rst_n_pins<0>" TIG = TS_clkRst_CLK_500_n;>
   [/home/kugel/daten/work/verwalt/heidelberg/lectures/2014/copro/exercises/3/fpga_mcs/smartxplorer_results/run3/mcs_top
   .pcf(15578)] modifies the effective value of constraint <TS_clkRst_CLK_500_n = PERIOD TIMEGRP "clkRst_CLK_500_n"
   TS_Clk / 6 PHASE         0.833333333 ns HIGH 50%;>
   [/home/kugel/daten/work/verwalt/heidelberg/lectures/2014/copro/exercises/3/fpga_mcs/smartxplorer_results/run3/mcs_top
   .pcf(15536)].

WARNING:ConstraintSystem:67 - Constraint <PIN "Rst_n_pins<0>" TIG = TS_clkRst_clkGen_clkout5;>
   [/home/kugel/daten/work/verwalt/heidelberg/lectures/2014/copro/exercises/3/fpga_mcs/smartxplorer_results/run3/mcs_top
   .pcf(15579)] modifies the effective value of constraint <TS_clkRst_clkGen_clkout5 = PERIOD TIMEGRP
   "clkRst_clkGen_clkout5" TS_Clk / 0.5         HIGH 50%;>
   [/home/kugel/daten/work/verwalt/heidelberg/lectures/2014/copro/exercises/3/fpga_mcs/smartxplorer_results/run3/mcs_top
   .pcf(15538)].

WARNING:ConstraintSystem:67 - Constraint <PIN "Rst_n_pins<0>" TIG = TS_clkRst_CLK_500;>
   [/home/kugel/daten/work/verwalt/heidelberg/lectures/2014/copro/exercises/3/fpga_mcs/smartxplorer_results/run3/mcs_top
   .pcf(15580)] modifies the effective value of constraint <TS_clkRst_CLK_500 = PERIOD TIMEGRP "clkRst_CLK_500" TS_Clk /
   6 HIGH 50%;>
   [/home/kugel/daten/work/verwalt/heidelberg/lectures/2014/copro/exercises/3/fpga_mcs/smartxplorer_results/run3/mcs_top
   .pcf(15539)].

WARNING:ConstraintSystem:67 - Constraint <PIN "Rst_n_pins<0>" TIG = TS_clkRst_CLK_100c;>
   [/home/kugel/daten/work/verwalt/heidelberg/lectures/2014/copro/exercises/3/fpga_mcs/smartxplorer_results/run3/mcs_top
   .pcf(15581)] modifies the effective value of constraint <TS_clkRst_CLK_100c = PERIOD TIMEGRP "clkRst_CLK_100c" TS_Clk
   HIGH 50%;>
   [/home/kugel/daten/work/verwalt/heidelberg/lectures/2014/copro/exercises/3/fpga_mcs/smartxplorer_results/run3/mcs_top
   .pcf(15540)].

WARNING:ConstraintSystem:67 - Constraint <PIN "Rst_n_pins<0>" TIG =        
   TS_withHdmiTx_Inst_hdmiOutIF_xgaTiming_clkGen_clkout1;>
   [/home/kugel/daten/work/verwalt/heidelberg/lectures/2014/copro/exercises/3/fpga_mcs/smartxplorer_results/run3/mcs_top
   .pcf(15583)] modifies the effective value of constraint <TS_withHdmiTx_Inst_hdmiOutIF_xgaTiming_clkGen_clkout1 =
   PERIOD TIMEGRP         "withHdmiTx_Inst_hdmiOutIF_xgaTiming_clkGen_clkout1"         TS_clkRst_CLK_100s / 1.3 HIGH
   50%;>
   [/home/kugel/daten/work/verwalt/heidelberg/lectures/2014/copro/exercises/3/fpga_mcs/smartxplorer_results/run3/mcs_top
   .pcf(15543)].

WARNING:ConstraintSystem:67 - Constraint <PIN "Rst_n_pins<0>" TIG = TS_withHdmiTx_Inst_hdmiOutIF_clk_650;>
   [/home/kugel/daten/work/verwalt/heidelberg/lectures/2014/copro/exercises/3/fpga_mcs/smartxplorer_results/run3/mcs_top
   .pcf(15584)] modifies the effective value of constraint <TS_withHdmiTx_Inst_hdmiOutIF_clk_650 = PERIOD TIMEGRP       
    "withHdmiTx_Inst_hdmiOutIF_clk_650" TS_clkRst_CLK_100s / 6.5 HIGH 50%;>
   [/home/kugel/daten/work/verwalt/heidelberg/lectures/2014/copro/exercises/3/fpga_mcs/smartxplorer_results/run3/mcs_top
   .pcf(15545)].

WARNING:ConstraintSystem:67 - Constraint <PIN "Rst_n_pins<0>" TIG =        
   TS_withHdmiTx_Inst_hdmiOutIF_xgaTiming_clkGen_clkout2;>
   [/home/kugel/daten/work/verwalt/heidelberg/lectures/2014/copro/exercises/3/fpga_mcs/smartxplorer_results/run3/mcs_top
   .pcf(15586)] modifies the effective value of constraint <TS_withHdmiTx_Inst_hdmiOutIF_xgaTiming_clkGen_clkout2 =
   PERIOD TIMEGRP         "withHdmiTx_Inst_hdmiOutIF_xgaTiming_clkGen_clkout2"         TS_clkRst_CLK_100s / 0.65 HIGH
   50%;>
   [/home/kugel/daten/work/verwalt/heidelberg/lectures/2014/copro/exercises/3/fpga_mcs/smartxplorer_results/run3/mcs_top
   .pcf(15548)].


Initializing temperature to 85.000 Celsius. (default - Range: 0.000 to 85.000 Celsius)
Initializing voltage to 1.140 Volts. (default - Range: 1.140 to 1.260 Volts)


Device speed data version:  "PRODUCTION 1.23 2013-10-13".


WARNING:Par:251 - Map -timing was run with a lower effort level setting than you are using for PAR.  Xilinx recommends that you rerun Map
   -timing with the effort level that you have set in PAR to achieve better design performance.


Device Utilization Summary:

Slice Logic Utilization:
  Number of Slice Registers:                 7,958 out of  54,576   14%
    Number used as Flip Flops:               7,940
    Number used as Latches:                      0
    Number used as Latch-thrus:                  0
    Number used as AND/OR logics:               18
  Number of Slice LUTs:                     16,669 out of  27,288   61%
    Number used as logic:                   15,583 out of  27,288   57%
      Number using O6 output only:           9,230
      Number using O5 output only:             530
      Number using O5 and O6:                5,823
      Number used as ROM:                        0
    Number used as Memory:                     329 out of   6,408    5%
      Number used as Dual Port RAM:             64
        Number using O6 output only:             0
        Number using O5 output only:             0
        Number using O5 and O6:                 64
      Number used as Single Port RAM:            0
      Number used as Shift Register:           265
        Number using O6 output only:            48
        Number using O5 output only:             1
        Number using O5 and O6:                216
    Number used exclusively as route-thrus:    757
      Number with same-slice register load:    421
      Number with same-slice carry load:       336
      Number with other load:                    0

Slice Logic Distribution:
  Number of occupied Slices:                 5,267 out of   6,822   77%
  Number of MUXCYs used:                    10,024 out of  13,644   73%
  Number of LUT Flip Flop pairs used:       17,766
    Number with an unused Flip Flop:        11,228 out of  17,766   63%
    Number with an unused LUT:               1,097 out of  17,766    6%
    Number of fully used LUT-FF pairs:       5,441 out of  17,766   30%
    Number of slice register sites lost
      to control set restrictions:               0 out of  54,576    0%

  A LUT Flip Flop pair for this architecture represents one LUT paired with
  one Flip Flop within a slice.  A control set is a unique combination of
  clock, reset, set, and enable signals for a registered element.
  The Slice Logic Distribution report is not meaningful if the design is
  over-mapped for a non-slice resource or if Placement fails.

IO Utilization:
  Number of bonded IOBs:                        80 out of     218   36%
    Number of LOCed IOBs:                       80 out of      80  100%
    IOB Flip Flops:                             24
    IOB Master Pads:                             4
    IOB Slave Pads:                              4

Specific Feature Utilization:
  Number of RAMB16BWERs:                        32 out of     116   27%
  Number of RAMB8BWERs:                          0 out of     232    0%
  Number of BUFIO2/BUFIO2_2CLKs:                 0 out of      32    0%
  Number of BUFIO2FB/BUFIO2FB_2CLKs:             0 out of      32    0%
  Number of BUFG/BUFGMUXs:                       7 out of      16   43%
    Number used as BUFGs:                        5
    Number used as BUFGMUX:                      2
  Number of DCM/DCM_CLKGENs:                     0 out of       8    0%
  Number of ILOGIC2/ISERDES2s:                  15 out of     376    3%
    Number used as ILOGIC2s:                    15
    Number used as ISERDES2s:                    0
  Number of IODELAY2/IODRP2/IODRP2_MCBs:        24 out of     376    6%
    Number used as IODELAY2s:                    0
    Number used as IODRP2s:                      2
    Number used as IODRP2_MCBs:                 22
  Number of OLOGIC2/OSERDES2s:                  62 out of     376   16%
    Number used as OLOGIC2s:                     9
    Number used as OSERDES2s:                   53
  Number of BSCANs:                              1 out of       4   25%
  Number of BUFHs:                               0 out of     256    0%
  Number of BUFPLLs:                             1 out of       8   12%
  Number of BUFPLL_MCBs:                         1 out of       4   25%
  Number of DSP48A1s:                           18 out of      58   31%
  Number of ICAPs:                               0 out of       1    0%
  Number of MCBs:                                1 out of       2   50%
  Number of PCILOGICSEs:                         0 out of       2    0%
  Number of PLL_ADVs:                            2 out of       4   50%
  Number of PMVs:                                0 out of       1    0%
  Number of STARTUPs:                            0 out of       1    0%
  Number of SUSPEND_SYNCs:                       0 out of       1    0%


Overall effort level (-ol):   High 
Router effort level (-rl):    High 

INFO:Timing:3386 - Intersecting Constraints found and resolved.  For more information, see the TSI report.  Please consult the Xilinx
   Command Line Tools User Guide for information on generating a TSI report.
Starting initial Timing Analysis.  REAL time: 16 secs 
Finished initial Timing Analysis.  REAL time: 17 secs 

Starting Router


Phase  1  : 84394 unrouted;      REAL time: 19 secs 

Phase  2  : 71071 unrouted;      REAL time: 24 secs 

Phase  3  : 29811 unrouted;      REAL time: 1 mins 8 secs 

Phase  4  : 30140 unrouted; (Setup:242, Hold:70217, Component Switching Limit:0)     REAL time: 1 mins 15 secs 

Updating file: mcs_top.ncd with current fully routed design.

Phase  5  : 0 unrouted; (Setup:283, Hold:80349, Component Switching Limit:0)     REAL time: 3 mins 41 secs 

Phase  6  : 0 unrouted; (Setup:283, Hold:80349, Component Switching Limit:0)     REAL time: 3 mins 52 secs 

Phase  7  : 0 unrouted; (Setup:283, Hold:80349, Component Switching Limit:0)     REAL time: 4 mins 27 secs 

Phase  8  : 0 unrouted; (Setup:283, Hold:80349, Component Switching Limit:0)     REAL time: 4 mins 27 secs 

Phase  9  : 0 unrouted; (Setup:283, Hold:80349, Component Switching Limit:0)     REAL time: 4 mins 27 secs 
WARNING:Route:466 - Unusually high hold time violation detected among 26 connections. The top 20 such instances are printed below. The
   router will continue and try to fix it
	c3_p4_cmd_byte_addr<1>:BQ -> withDram.Inst_dp_mem_wrapper/memc3_wrapper_inst/memc3_mcb_raw_wrapper_inst/samc_0:P4CMDCA2 -2478
	c3_p4_cmd_byte_addr<26>:CMUX -> withDram.Inst_dp_mem_wrapper/memc3_wrapper_inst/memc3_mcb_raw_wrapper_inst/samc_0:P4CMDRA9 -2395
	c3_p4_cmd_byte_addr<26>:AMUX -> withDram.Inst_dp_mem_wrapper/memc3_wrapper_inst/memc3_mcb_raw_wrapper_inst/samc_0:P4CMDRA7 -2369
	c3_p4_cmd_byte_addr<5>:DQ -> withDram.Inst_dp_mem_wrapper/memc3_wrapper_inst/memc3_mcb_raw_wrapper_inst/samc_0:P4CMDCA4 -2356
	c3_p4_cmd_byte_addr<5>:AQ -> withDram.Inst_dp_mem_wrapper/memc3_wrapper_inst/memc3_mcb_raw_wrapper_inst/samc_0:P4CMDCA7 -2345
	c3_p4_cmd_byte_addr<20>:CQ -> withDram.Inst_dp_mem_wrapper/memc3_wrapper_inst/memc3_mcb_raw_wrapper_inst/samc_0:P4CMDRA5 -2313
	c3_p4_cmd_byte_addr<20>:DQ -> withDram.Inst_dp_mem_wrapper/memc3_wrapper_inst/memc3_mcb_raw_wrapper_inst/samc_0:P4CMDRA6 -2308
	c3_p4_cmd_byte_addr<26>:BQ -> withDram.Inst_dp_mem_wrapper/memc3_wrapper_inst/memc3_mcb_raw_wrapper_inst/samc_0:P4CMDRA8 -2300
	c3_p4_cmd_byte_addr<16>:AQ -> withDram.Inst_dp_mem_wrapper/memc3_wrapper_inst/memc3_mcb_raw_wrapper_inst/samc_0:P4CMDBA2 -2300
	c3_p4_cmd_byte_addr<12>:DQ -> withDram.Inst_dp_mem_wrapper/memc3_wrapper_inst/memc3_mcb_raw_wrapper_inst/samc_0:P4CMDBA1 -2278
	c3_p4_cmd_byte_addr<12>:CQ -> withDram.Inst_dp_mem_wrapper/memc3_wrapper_inst/memc3_mcb_raw_wrapper_inst/samc_0:P4CMDBA0 -2275
	c3_p4_cmd_byte_addr<20>:BQ -> withDram.Inst_dp_mem_wrapper/memc3_wrapper_inst/memc3_mcb_raw_wrapper_inst/samc_0:P4CMDRA4 -2274
	c3_p4_cmd_byte_addr<20>:AQ -> withDram.Inst_dp_mem_wrapper/memc3_wrapper_inst/memc3_mcb_raw_wrapper_inst/samc_0:P4CMDRA3 -2274
	c3_p4_cmd_byte_addr<26>:DQ -> withDram.Inst_dp_mem_wrapper/memc3_wrapper_inst/memc3_mcb_raw_wrapper_inst/samc_0:P4CMDRA12 -2274
	c3_p4_cmd_byte_addr<1>:DQ -> withDram.Inst_dp_mem_wrapper/memc3_wrapper_inst/memc3_mcb_raw_wrapper_inst/samc_0:P4CMDCA0 -2242
	c3_p4_cmd_byte_addr<1>:CQ -> withDram.Inst_dp_mem_wrapper/memc3_wrapper_inst/memc3_mcb_raw_wrapper_inst/samc_0:P4CMDCA1 -2241
	c3_p4_cmd_byte_addr<5>:BQ -> withDram.Inst_dp_mem_wrapper/memc3_wrapper_inst/memc3_mcb_raw_wrapper_inst/samc_0:P4CMDCA6 -2222
	c3_p4_cmd_byte_addr<5>:CQ -> withDram.Inst_dp_mem_wrapper/memc3_wrapper_inst/memc3_mcb_raw_wrapper_inst/samc_0:P4CMDCA5 -2218
	c3_p4_cmd_byte_addr<26>:CQ -> withDram.Inst_dp_mem_wrapper/memc3_wrapper_inst/memc3_mcb_raw_wrapper_inst/samc_0:P4CMDRA11 -2197
	c3_p4_cmd_byte_addr<16>:BQ -> withDram.Inst_dp_mem_wrapper/memc3_wrapper_inst/memc3_mcb_raw_wrapper_inst/samc_0:P4CMDRA0 -2195


Phase 10  : 0 unrouted; (Setup:283, Hold:0, Component Switching Limit:0)     REAL time: 4 mins 28 secs 

Phase 11  : 0 unrouted; (Setup:0, Hold:0, Component Switching Limit:0)     REAL time: 4 mins 32 secs 
Total REAL time to Router completion: 4 mins 32 secs 
Total CPU time to Router completion: 4 mins 41 secs 

Partition Implementation Status
-------------------------------

  No Partitions were found in this design.

-------------------------------

Generating "PAR" statistics.

**************************
Generating Clock Report
**************************

+---------------------+--------------+------+------+------------+-------------+
|        Clock Net    |   Resource   |Locked|Fanout|Net Skew(ns)|Max Delay(ns)|
+---------------------+--------------+------+------+------------+-------------+
|              sysClk |  BUFGMUX_X2Y1| No   | 1626 |  0.704     |  2.412      |
+---------------------+--------------+------+------+------------+-------------+
|mcs_0/U0/Debug.mdm_0 |              |      |      |            |             |
|               /drck |  BUFGMUX_X2Y2| No   |   66 |  0.061     |  1.770      |
+---------------------+--------------+------+------+------------+-------------+
|              cpuClk | BUFGMUX_X2Y10| No   |  635 |  0.595     |  2.304      |
+---------------------+--------------+------+------+------------+-------------+
|           clkHdmiTx |  BUFGMUX_X2Y3| No   |   90 |  0.062     |  1.772      |
+---------------------+--------------+------+------+------------+-------------+
|              clkDrp | BUFGMUX_X2Y12| No   |  142 |  0.664     |  2.374      |
+---------------------+--------------+------+------+------------+-------------+
|withHdmiTx.Inst_hdmi |              |      |      |            |             |
|       OutIF/clk_130 | BUFGMUX_X3Y13| No   |   25 |  0.368     |  2.081      |
+---------------------+--------------+------+------+------------+-------------+
|mcs_0/U0/Debug.mdm_0 |              |      |      |            |             |
|             /update |         Local|      |   19 |  4.297     |  8.308      |
+---------------------+--------------+------+------+------------+-------------+
|           Clk_IBUFG |         Local|      |    3 |  2.355     |  9.027      |
+---------------------+--------------+------+------+------------+-------------+
|            clkMem2x |         Local|      |   34 |  0.704     |  1.551      |
+---------------------+--------------+------+------+------------+-------------+
|withDram.Inst_dp_mem |              |      |      |            |             |
|_wrapper/memc3_wrapp |              |      |      |            |             |
|er_inst/memc3_mcb_ra |              |      |      |            |             |
|w_wrapper_inst/ioi_d |              |      |      |            |             |
|              rp_clk |         Local|      |   22 |  0.000     |  0.002      |
+---------------------+--------------+------+------+------------+-------------+
|         clkMem2x180 |         Local|      |   37 |  0.723     |  1.570      |
+---------------------+--------------+------+------+------------+-------------+
|withHdmiTx.Inst_hdmi |              |      |      |            |             |
|     OutIF/ioclk_650 |         Local|      |    8 |  0.000     |  1.740      |
+---------------------+--------------+------+------+------------+-------------+
|withDram.Inst_dp_mem |              |      |      |            |             |
|_wrapper/memc3_wrapp |              |      |      |            |             |
|er_inst/memc3_mcb_ra |              |      |      |            |             |
|w_wrapper_inst/idela |              |      |      |            |             |
|         y_dqs_ioi_m |         Local|      |    1 |  0.000     |  0.002      |
+---------------------+--------------+------+------+------------+-------------+
|withDram.Inst_dp_mem |              |      |      |            |             |
|_wrapper/memc3_wrapp |              |      |      |            |             |
|er_inst/memc3_mcb_ra |              |      |      |            |             |
|w_wrapper_inst/idela |              |      |      |            |             |
|        y_udqs_ioi_m |         Local|      |    1 |  0.000     |  0.002      |
+---------------------+--------------+------+------+------------+-------------+
|withDram.Inst_dp_mem |              |      |      |            |             |
|_wrapper/memc3_wrapp |              |      |      |            |             |
|er_inst/memc3_mcb_ra |              |      |      |            |             |
|w_wrapper_inst/idela |              |      |      |            |             |
|         y_dqs_ioi_s |         Local|      |    1 |  0.000     |  0.002      |
+---------------------+--------------+------+------+------------+-------------+
|withDram.Inst_dp_mem |              |      |      |            |             |
|_wrapper/memc3_wrapp |              |      |      |            |             |
|er_inst/memc3_mcb_ra |              |      |      |            |             |
|w_wrapper_inst/idela |              |      |      |            |             |
|        y_udqs_ioi_s |         Local|      |    1 |  0.000     |  0.002      |
+---------------------+--------------+------+------+------------+-------------+

* Net Skew is the difference between the minimum and maximum routing
only delays for the net. Note this is different from Clock Skew which
is reported in TRCE timing report. Clock Skew is the difference between
the minimum and maximum path delays which includes logic delays.

* The fanout is the number of component pins not the individual BEL loads,
for example SLICE loads not FF loads.

Timing Score: 0 (Setup: 0, Hold: 0, Component Switching Limit: 0)

Number of Timing Constraints that were not applied: 3

Asterisk (*) preceding a constraint indicates it was not met.
   This may be due to a setup or hold violation.

----------------------------------------------------------------------------------------------------------
  Constraint                                |    Check    | Worst Case |  Best Case | Timing |   Timing   
                                            |             |    Slack   | Achievable | Errors |    Score   
----------------------------------------------------------------------------------------------------------
  TS_clkRst_CLK_100s = PERIOD TIMEGRP "clkR | SETUP       |     0.004ns|     9.996ns|       0|           0
  st_CLK_100s" TS_Clk HIGH 50%              | HOLD        |     0.305ns|            |       0|           0
----------------------------------------------------------------------------------------------------------
  TS_clkRst_CLK_100c = PERIOD TIMEGRP "clkR | SETUP       |     0.050ns|     9.950ns|       0|           0
  st_CLK_100c" TS_Clk HIGH 50%              | HOLD        |     0.239ns|            |       0|           0
----------------------------------------------------------------------------------------------------------
  TS_clkRst_CLK_500_n = PERIOD TIMEGRP "clk | MINPERIOD   |     0.067ns|     1.599ns|       0|           0
  Rst_CLK_500_n" TS_Clk / 6 PHASE         0 |             |            |            |        |            
  .833333333 ns HIGH 50%                    |             |            |            |        |            
----------------------------------------------------------------------------------------------------------
  TS_clkRst_CLK_500 = PERIOD TIMEGRP "clkRs | MINPERIOD   |     0.067ns|     1.599ns|       0|           0
  t_CLK_500" TS_Clk / 6 HIGH 50%            |             |            |            |        |            
----------------------------------------------------------------------------------------------------------
  TS_Clk = PERIOD TIMEGRP "Clk" 10 ns HIGH  | SETUP       |     3.315ns|     6.685ns|       0|           0
  50%                                       | HOLD        |     0.202ns|            |       0|           0
----------------------------------------------------------------------------------------------------------
  TS_withHdmiTx_Inst_hdmiOutIF_xgaTiming_cl | SETUP       |     1.374ns|     6.318ns|       0|           0
  kGen_clkout1 = PERIOD TIMEGRP         "wi | HOLD        |     0.439ns|            |       0|           0
  thHdmiTx_Inst_hdmiOutIF_xgaTiming_clkGen_ |             |            |            |        |            
  clkout1"         TS_clkRst_CLK_100s / 1.3 |             |            |            |        |            
   HIGH 50%                                 |             |            |            |        |            
----------------------------------------------------------------------------------------------------------
  TS_clkRst_clkGen_clkout5 = PERIOD TIMEGRP | SETUP       |     2.798ns|    17.202ns|       0|           0
   "clkRst_clkGen_clkout5" TS_Clk / 0.5     | HOLD        |     0.400ns|            |       0|           0
       HIGH 50%                             |             |            |            |        |            
----------------------------------------------------------------------------------------------------------
  TS_withHdmiTx_Inst_hdmiOutIF_xgaTiming_cl | SETUP       |     7.384ns|     8.000ns|       0|           0
  kGen_clkout2 = PERIOD TIMEGRP         "wi | HOLD        |     0.358ns|            |       0|           0
  thHdmiTx_Inst_hdmiOutIF_xgaTiming_clkGen_ |             |            |            |        |            
  clkout2"         TS_clkRst_CLK_100s / 0.6 |             |            |            |        |            
  5 HIGH 50%                                |             |            |            |        |            
----------------------------------------------------------------------------------------------------------
  PATH "TS_hdmireset_path" TIG              | SETUP       |         N/A|     9.700ns|     N/A|           0
----------------------------------------------------------------------------------------------------------
  PATH "TS_hdmireset2_path" TIG             | SETUP       |         N/A|     6.727ns|     N/A|           0
----------------------------------------------------------------------------------------------------------
  PATH "TS_hdmireset3_path" TIG             | SETUP       |         N/A|     6.736ns|     N/A|           0
----------------------------------------------------------------------------------------------------------
  TS_withHdmiTx_Inst_hdmiOutIF_clk_650 = PE | N/A         |         N/A|         N/A|     N/A|         N/A
  RIOD TIMEGRP         "withHdmiTx_Inst_hdm |             |            |            |        |            
  iOutIF_clk_650" TS_clkRst_CLK_100s / 6.5  |             |            |            |        |            
  HIGH 50%                                  |             |            |            |        |            
----------------------------------------------------------------------------------------------------------


Derived Constraint Report
Review Timing Report for more details on the following derived constraints.
To create a Timing Report, run "trce -v 12 -fastpaths -o design_timing_report design.ncd design.pcf"
or "Run Timing Analysis" from Timing Analyzer (timingan).
Derived Constraints for TS_Clk
+-------------------------------+-------------+-------------+-------------+-------------+-------------+-------------+-------------+
|                               |   Period    |       Actual Period       |      Timing Errors        |      Paths Analyzed       |
|           Constraint          | Requirement |-------------+-------------|-------------+-------------|-------------+-------------|
|                               |             |   Direct    | Derivative  |   Direct    | Derivative  |   Direct    | Derivative  |
+-------------------------------+-------------+-------------+-------------+-------------+-------------+-------------+-------------+
|TS_Clk                         |     10.000ns|      6.685ns|      9.996ns|            0|            0|           52|    184059782|
| TS_clkRst_CLK_100s            |     10.000ns|      9.996ns|      8.213ns|            0|            0|    183816306|         6532|
|  TS_withHdmiTx_Inst_hdmiOutIF_|      7.692ns|      6.318ns|          N/A|            0|            0|          106|            0|
|  xgaTiming_clkGen_clkout1     |             |             |             |             |             |             |             |
|  TS_withHdmiTx_Inst_hdmiOutIF_|      1.538ns|          N/A|          N/A|            0|            0|            0|            0|
|  clk_650                      |             |             |             |             |             |             |             |
|  TS_withHdmiTx_Inst_hdmiOutIF_|     15.385ns|      8.000ns|          N/A|            0|            0|         6426|            0|
|  xgaTiming_clkGen_clkout2     |             |             |             |             |             |             |             |
| TS_clkRst_CLK_500_n           |      1.667ns|      1.599ns|          N/A|            0|            0|            0|            0|
| TS_clkRst_clkGen_clkout5      |     20.000ns|     17.202ns|          N/A|            0|            0|        17457|            0|
| TS_clkRst_CLK_500             |      1.667ns|      1.599ns|          N/A|            0|            0|            0|            0|
| TS_clkRst_CLK_100c            |     10.000ns|      9.950ns|          N/A|            0|            0|       219487|            0|
+-------------------------------+-------------+-------------+-------------+-------------+-------------+-------------+-------------+

All constraints were met.
INFO:Timing:2761 - N/A entries in the Constraints List may indicate that the 
   constraint is not analyzed due to the following: No paths covered by this 
   constraint; Other constraints intersect with this constraint; or This 
   constraint was disabled by a Path Tracing Control. Please run the Timespec 
   Interaction Report (TSI) via command line (trce tsi) or Timing Analyzer GUI.


Generating Pad Report.

All signals are completely routed.

Total REAL time to PAR completion: 4 mins 37 secs 
Total CPU time to PAR completion: 4 mins 46 secs 

Peak Memory Usage:  1110 MB

Placer: Placement generated during map.
Routing: Completed - No errors found.
Timing: Completed - No errors found.

Number of error messages: 0
Number of warning messages: 10
Number of info messages: 1

Writing design to file mcs_top.ncd



PAR done!

Command Line : 
-------------
trce /home/kugel/daten/work/verwalt/heidelberg/lectures/2014/copro/exercises/3/fpga_mcs/smartxplorer_results/run3/mcs_top.ngd /home/kugel/daten/work/verwalt/heidelberg/lectures/2014/copro/exercises/3/fpga_mcs/smartxplorer_results/run3/mcs_top.pcf -xml /home/kugel/daten/work/verwalt/heidelberg/lectures/2014/copro/exercises/3/fpga_mcs/smartxplorer_results/run3/mcs_top.twx -v 3 -s 2 -n 3 -fastpaths -ucf dp_dram.ucf -o /home/kugel/daten/work/verwalt/heidelberg/lectures/2014/copro/exercises/3/fpga_mcs/smartxplorer_results/run3/mcs_top.twr

Release 14.7 - Trace  (lin64)
Copyright (c) 1995-2013 Xilinx, Inc.  All rights reserved.


Loading device for application Rf_Device from file '6slx45.nph' in environment
/opt/xilinx/14.7/ISE_DS/ISE/.
   "mcs_top" is an NCD, version 3.2, device xc6slx45, package csg324, speed -2
WARNING:ConstraintSystem:67 - Constraint <PIN "Rst_n_pins<0>" TIG = TS_Clk;>
   [/home/kugel/daten/work/verwalt/heidelberg/lectures/2014/copro/exercises/3/fp
   ga_mcs/smartxplorer_results/run3/mcs_top.pcf(15577)] modifies the effective
   value of constraint <TS_Clk = PERIOD TIMEGRP "Clk" 10 ns HIGH 50%;>
   [/home/kugel/daten/work/verwalt/heidelberg/lectures/2014/copro/exercises/3/fp
   ga_mcs/smartxplorer_results/run3/mcs_top.pcf(15533)].

WARNING:ConstraintSystem:67 - Constraint <PIN "Rst_n_pins<0>" TIG =
   TS_clkRst_CLK_500_n;>
   [/home/kugel/daten/work/verwalt/heidelberg/lectures/2014/copro/exercises/3/fp
   ga_mcs/smartxplorer_results/run3/mcs_top.pcf(15578)] modifies the effective
   value of constraint <TS_clkRst_CLK_500_n = PERIOD TIMEGRP "clkRst_CLK_500_n"
   TS_Clk / 6 PHASE         0.833333333 ns HIGH 50%;>
   [/home/kugel/daten/work/verwalt/heidelberg/lectures/2014/copro/exercises/3/fp
   ga_mcs/smartxplorer_results/run3/mcs_top.pcf(15536)].

WARNING:ConstraintSystem:67 - Constraint <PIN "Rst_n_pins<0>" TIG =
   TS_clkRst_clkGen_clkout5;>
   [/home/kugel/daten/work/verwalt/heidelberg/lectures/2014/copro/exercises/3/fp
   ga_mcs/smartxplorer_results/run3/mcs_top.pcf(15579)] modifies the effective
   value of constraint <TS_clkRst_clkGen_clkout5 = PERIOD TIMEGRP
   "clkRst_clkGen_clkout5" TS_Clk / 0.5         HIGH 50%;>
   [/home/kugel/daten/work/verwalt/heidelberg/lectures/2014/copro/exercises/3/fp
   ga_mcs/smartxplorer_results/run3/mcs_top.pcf(15538)].

WARNING:ConstraintSystem:67 - Constraint <PIN "Rst_n_pins<0>" TIG =
   TS_clkRst_CLK_500;>
   [/home/kugel/daten/work/verwalt/heidelberg/lectures/2014/copro/exercises/3/fp
   ga_mcs/smartxplorer_results/run3/mcs_top.pcf(15580)] modifies the effective
   value of constraint <TS_clkRst_CLK_500 = PERIOD TIMEGRP "clkRst_CLK_500"
   TS_Clk / 6 HIGH 50%;>
   [/home/kugel/daten/work/verwalt/heidelberg/lectures/2014/copro/exercises/3/fp
   ga_mcs/smartxplorer_results/run3/mcs_top.pcf(15539)].

WARNING:ConstraintSystem:67 - Constraint <PIN "Rst_n_pins<0>" TIG =
   TS_clkRst_CLK_100c;>
   [/home/kugel/daten/work/verwalt/heidelberg/lectures/2014/copro/exercises/3/fp
   ga_mcs/smartxplorer_results/run3/mcs_top.pcf(15581)] modifies the effective
   value of constraint <TS_clkRst_CLK_100c = PERIOD TIMEGRP "clkRst_CLK_100c"
   TS_Clk HIGH 50%;>
   [/home/kugel/daten/work/verwalt/heidelberg/lectures/2014/copro/exercises/3/fp
   ga_mcs/smartxplorer_results/run3/mcs_top.pcf(15540)].

WARNING:ConstraintSystem:67 - Constraint <PIN "Rst_n_pins<0>" TIG =        
   TS_withHdmiTx_Inst_hdmiOutIF_xgaTiming_clkGen_clkout1;>
   [/home/kugel/daten/work/verwalt/heidelberg/lectures/2014/copro/exercises/3/fp
   ga_mcs/smartxplorer_results/run3/mcs_top.pcf(15583)] modifies the effective
   value of constraint <TS_withHdmiTx_Inst_hdmiOutIF_xgaTiming_clkGen_clkout1 =
   PERIOD TIMEGRP         "withHdmiTx_Inst_hdmiOutIF_xgaTiming_clkGen_clkout1"  
         TS_clkRst_CLK_100s / 1.3 HIGH 50%;>
   [/home/kugel/daten/work/verwalt/heidelberg/lectures/2014/copro/exercises/3/fp
   ga_mcs/smartxplorer_results/run3/mcs_top.pcf(15543)].

WARNING:ConstraintSystem:67 - Constraint <PIN "Rst_n_pins<0>" TIG =
   TS_withHdmiTx_Inst_hdmiOutIF_clk_650;>
   [/home/kugel/daten/work/verwalt/heidelberg/lectures/2014/copro/exercises/3/fp
   ga_mcs/smartxplorer_results/run3/mcs_top.pcf(15584)] modifies the effective
   value of constraint <TS_withHdmiTx_Inst_hdmiOutIF_clk_650 = PERIOD TIMEGRP   
        "withHdmiTx_Inst_hdmiOutIF_clk_650" TS_clkRst_CLK_100s / 6.5 HIGH 50%;>
   [/home/kugel/daten/work/verwalt/heidelberg/lectures/2014/copro/exercises/3/fp
   ga_mcs/smartxplorer_results/run3/mcs_top.pcf(15545)].

WARNING:ConstraintSystem:67 - Constraint <PIN "Rst_n_pins<0>" TIG =        
   TS_withHdmiTx_Inst_hdmiOutIF_xgaTiming_clkGen_clkout2;>
   [/home/kugel/daten/work/verwalt/heidelberg/lectures/2014/copro/exercises/3/fp
   ga_mcs/smartxplorer_results/run3/mcs_top.pcf(15586)] modifies the effective
   value of constraint <TS_withHdmiTx_Inst_hdmiOutIF_xgaTiming_clkGen_clkout2 =
   PERIOD TIMEGRP         "withHdmiTx_Inst_hdmiOutIF_xgaTiming_clkGen_clkout2"  
         TS_clkRst_CLK_100s / 0.65 HIGH 50%;>
   [/home/kugel/daten/work/verwalt/heidelberg/lectures/2014/copro/exercises/3/fp
   ga_mcs/smartxplorer_results/run3/mcs_top.pcf(15548)].

INFO:Timing:3386 - Intersecting Constraints found and resolved.  For more
   information, see the TSI report.  Please consult the Xilinx Command Line
   Tools User Guide for information on generating a TSI report.
--------------------------------------------------------------------------------
Release 14.7 Trace  (lin64)
Copyright (c) 1995-2013 Xilinx, Inc.  All rights reserved.

/opt/xilinx/14.7/ISE_DS/ISE/bin/lin64/unwrapped/trce
/home/kugel/daten/work/verwalt/heidelberg/lectures/2014/copro/exercises/3/fpga_m
cs/smartxplorer_results/run3/mcs_top.ncd
/home/kugel/daten/work/verwalt/heidelberg/lectures/2014/copro/exercises/3/fpga_m
cs/smartxplorer_results/run3/mcs_top.pcf
-xml
/home/kugel/daten/work/verwalt/heidelberg/lectures/2014/copro/exercises/3/fpga_m
cs/smartxplorer_results/run3/mcs_top.twx
-v 3 -s 2 -n 3 -fastpaths -ucf dp_dram.ucf -o
/home/kugel/daten/work/verwalt/heidelberg/lectures/2014/copro/exercises/3/fpga_m
cs/smartxplorer_results/run3/mcs_top.twr


Design file:              mcs_top.ncd
Physical constraint file: mcs_top.pcf
Device,speed:             xc6slx45,-2 (PRODUCTION 1.23 2013-10-13)
Report level:             verbose report
--------------------------------------------------------------------------------

INFO:Timing:3412 - To improve timing, see the Timing Closure User Guide (UG612).
INFO:Timing:2752 - To get complete path coverage, use the unconstrained paths option. All paths that are not constrained will be reported in
   the unconstrained paths section(s) of the report.
INFO:Timing:3339 - The clock-to-out numbers in this timing report are based on a 50 Ohm transmission line loading model.  For the details of
   this model, and for more information on accounting for different loading conditions, please see the device datasheet.


Timing summary:
---------------

Timing errors: 0  Score: 0 (Setup/Max: 0, Hold: 0)

Constraints cover 184059838 paths, 0 nets, and 70739 connections

Design statistics:
   Minimum period:  17.202ns (Maximum frequency:  58.133MHz)


Analysis completed Fri Jan  9 13:27:22 2015
--------------------------------------------------------------------------------

Generating Report ...

Number of warnings: 8
Number of info messages: 4
Total time: 23 secs 
